<?xml version="1.0" encoding="UTF-8"?>
<testng-results skipped="0" failed="0" total="1" passed="1">
  <reporter-output>
  </reporter-output>
  <suite name="Default suite" duration-ms="1205" started-at="2020-08-20T19:31:08Z" finished-at="2020-08-20T19:31:09Z">
    <groups>
    </groups>
    <test name="Default test" duration-ms="1205" started-at="2020-08-20T19:31:08Z" finished-at="2020-08-20T19:31:09Z">
      <class name="com.sarower.restassured.GetResponse">
        <test-method status="PASS" signature="test1()[pri:0, instance:com.sarower.restassured.GetResponse@5d740a0f]" name="test1" duration-ms="1192" started-at="2020-08-20T19:31:08Z" finished-at="2020-08-20T19:31:09Z">
        </test-method> <!-- test1 -->
      </class> <!-- com.sarower.restassured.GetResponse -->
    </test> <!-- Default test -->
  </suite> <!-- Default suite -->
</testng-results>
